10/06/2012 17:30:07	This log contains information about the import schema operation into project 'Euricom.Timesheets.Database' on computer 'STIJN-LAPTOP' by user 'Stijn'.
10/06/2012 17:30:08	Import of database schema has started.
10/06/2012 17:30:12	Gathering database options
10/06/2012 17:30:12	Gathering users
10/06/2012 17:30:12	Gathering roles
10/06/2012 17:30:12	Gathering application roles
10/06/2012 17:30:12	Gathering role memberships
10/06/2012 17:30:12	Gathering filegroups
10/06/2012 17:30:12	Gathering full-text catalogs
10/06/2012 17:30:12	Gathering assemblies
10/06/2012 17:30:12	Gathering certificates
10/06/2012 17:30:12	Gathering asymmetric keys
10/06/2012 17:30:12	Gathering symmetric keys
10/06/2012 17:30:12	Gathering encrypted symmetric keys
10/06/2012 17:30:12	Gathering schemas
10/06/2012 17:30:12	Gathering XML schema collections
10/06/2012 17:30:12	Gathering user-defined data types
10/06/2012 17:30:12	Gathering user-defined types
10/06/2012 17:30:12	Gathering table types
10/06/2012 17:30:12	Gathering unique keys for table types
10/06/2012 17:30:12	Gathering primary keys for table types
10/06/2012 17:30:12	Gathering check constraints for table types
10/06/2012 17:30:12	Gathering default constraints for table types
10/06/2012 17:30:12	Gathering partition functions
10/06/2012 17:30:12	Gathering partition schemes
10/06/2012 17:30:12	Gathering functions
10/06/2012 17:30:12	Gathering encrypted functions
10/06/2012 17:30:12	Gathering aggregates
10/06/2012 17:30:12	Gathering procedures
10/06/2012 17:30:12	Gathering encrypted procedures
10/06/2012 17:30:12	Gathering tables
10/06/2012 17:30:12	Gathering primary keys
10/06/2012 17:30:12	Gathering unique constraints
10/06/2012 17:30:12	Gathering foreign keys
10/06/2012 17:30:12	Gathering default constraints
10/06/2012 17:30:12	Gathering check constraints
10/06/2012 17:30:12	Gathering views
10/06/2012 17:30:12	Gathering encrypted views
10/06/2012 17:30:12	Gathering indexes
10/06/2012 17:30:12	Gathering statistics
10/06/2012 17:30:12	Gathering full-text index stoplists
10/06/2012 17:30:12	Gathering search property lists
10/06/2012 17:30:12	Gathering search properties
10/06/2012 17:30:12	Gathering full-text indexes
10/06/2012 17:30:12	Gathering column store indexes
10/06/2012 17:30:12	Gathering spatial indexes
10/06/2012 17:30:12	Gathering XML indexes
10/06/2012 17:30:12	Gathering encrypted triggers
10/06/2012 17:30:12	Gathering triggers
10/06/2012 17:30:12	Gathering encrypted and clr ddl triggers
10/06/2012 17:30:12	Gathering ddl triggers
10/06/2012 17:30:12	Gathering synonyms
10/06/2012 17:30:12	Gathering defaults
10/06/2012 17:30:12	Gathering data constraint uddt bindings
10/06/2012 17:30:12	Gathering rules
10/06/2012 17:30:12	Gathering data constraint uddt bindings
10/06/2012 17:30:12	Gathering message types
10/06/2012 17:30:12	Gathering queues
10/06/2012 17:30:12	Gathering contracts
10/06/2012 17:30:12	Gathering services
10/06/2012 17:30:12	Gathering event notifications
10/06/2012 17:30:12	Gathering remote service bindings
10/06/2012 17:30:12	Gathering broker priorities
10/06/2012 17:30:12	Gathering signatures
10/06/2012 17:30:12	Gathering data compression options
10/06/2012 17:30:12	Gathering sequence types
10/06/2012 17:30:12	Gathering extended properties
10/06/2012 17:30:12	Gathering credentials
10/06/2012 17:30:12	Gathering logins
10/06/2012 17:30:12	Gathering server audits
10/06/2012 17:30:12	Scanning project for duplicate elements
10/06/2012 17:30:12	Finished duplicate element processing
10/06/2012 17:30:12	Finished importing database.
10/06/2012 17:30:12	A summary of the import was saved to the following location: C:\Users\Stijn\Documents\GitHub\euricom-timesheets\src\Euricom.Timesheets\Euricom.Timesheets.Database\Import Schema Logs\Euricom.Timesheets.D_20120610033007.log
10/06/2012 17:30:12	Click Finish to continue...
